This file contains any messages produced by compilers while
running configure, to aid debugging if configure makes a mistake.

It was created by doxymacs configure 1.8.0, which was
generated by GNU Autoconf 2.61.  Invocation command line was

  $ ./configure 

## --------- ##
## Platform. ##
## --------- ##

hostname = li
uname -m = i686
uname -r = 1.5.25(0.156/4/2)
uname -s = CYGWIN_NT-5.1
uname -v = 2008-06-12 19:34

/usr/bin/uname -p = unknown
/bin/uname -X     = unknown

/bin/arch              = i686
/usr/bin/arch -k       = unknown
/usr/convex/getsysinfo = unknown
/usr/bin/hostinfo      = unknown
/bin/machine           = unknown
/usr/bin/oslevel       = unknown
/bin/universe          = unknown

PATH: /usr/local/bin
PATH: /usr/bin
PATH: /bin
PATH: /usr/X11R6/bin
PATH: /c/WINDOWS/system32
PATH: /c/WINDOWS
PATH: /c/WINDOWS/System32/Wbem
PATH: /c/Program Files/Perforce
PATH: /c/Program Files/Microsoft Visual Studio/Common/Tools/WinNT
PATH: /c/Program Files/Microsoft Visual Studio/Common/MSDev98/Bin
PATH: /c/Program Files/Microsoft Visual Studio/Common/Tools
PATH: /c/Program Files/Microsoft Visual Studio/VC98/bin
PATH: /d/green/bin
PATH: /usr/bin


## ----------- ##
## Core tests. ##
## ----------- ##

configure:1772: checking for a BSD-compatible install
configure:1828: result: /usr/bin/install -c
configure:1839: checking whether build environment is sane
configure:1882: result: yes
configure:1947: checking for gawk
configure:1963: found /usr/bin/gawk
configure:1974: result: gawk
configure:1985: checking whether make sets $(MAKE)
configure:2006: result: yes
configure:2241: checking for gcc
configure:2257: found /usr/bin/gcc
configure:2268: result: gcc
configure:2506: checking for C compiler version
configure:2513: gcc --version >&5
gcc (GCC) 3.4.4 (cygming special, gdc 0.12, using dmd 0.125)
Copyright (C) 2004 Free Software Foundation, Inc.
This is free software; see the source for copying conditions.  There is NO
warranty; not even for MERCHANTABILITY or FITNESS FOR A PARTICULAR PURPOSE.

configure:2516: $? = 0
configure:2523: gcc -v >&5
Reading specs from /usr/lib/gcc/i686-pc-cygwin/3.4.4/specs
Configured with: /managed/gcc-build/final-v3-bootstrap/gcc-3.4.4-999/configure --verbose --program-suffix=-3 --prefix=/usr --exec-prefix=/usr --sysconfdir=/etc --libdir=/usr/lib --libexecdir=/usr/lib --mandir=/usr/share/man --infodir=/usr/share/info --enable-languages=c,ada,c++,d,f77,pascal,java,objc --enable-nls --without-included-gettext --enable-version-specific-runtime-libs --without-x --enable-libgcj --disable-java-awt --with-system-zlib --enable-interpreter --disable-libgcj-debug --enable-threads=posix --enable-java-gc=boehm --disable-win32-registry --enable-sjlj-exceptions --enable-hash-synchronization --enable-libstdcxx-debug
Thread model: posix
gcc version 3.4.4 (cygming special, gdc 0.12, using dmd 0.125)
configure:2526: $? = 0
configure:2533: gcc -V >&5
gcc: `-V' option must have argument
configure:2536: $? = 1
configure:2559: checking for C compiler default output file name
configure:2586: gcc    conftest.c  >&5
configure:2589: $? = 0
configure:2627: result: a.exe
configure:2644: checking whether the C compiler works
configure:2654: ./a.exe
configure:2657: $? = 0
configure:2674: result: yes
configure:2681: checking whether we are cross compiling
configure:2683: result: no
configure:2686: checking for suffix of executables
configure:2693: gcc -o conftest.exe    conftest.c  >&5
configure:2696: $? = 0
configure:2720: result: .exe
configure:2726: checking for suffix of object files
configure:2752: gcc -c   conftest.c >&5
configure:2755: $? = 0
configure:2778: result: o
configure:2782: checking whether we are using the GNU C compiler
configure:2811: gcc -c   conftest.c >&5
configure:2817: $? = 0
configure:2834: result: yes
configure:2839: checking whether gcc accepts -g
configure:2869: gcc -c -g  conftest.c >&5
configure:2875: $? = 0
configure:2974: result: yes
configure:2991: checking for gcc option to accept ISO C89
configure:3065: gcc  -c -g -O2  conftest.c >&5
configure:3071: $? = 0
configure:3094: result: none needed
configure:3123: checking for style of include used by make
configure:3151: result: GNU
configure:3179: checking dependency style of gcc
configure:3269: result: gcc3
configure:3299: checking for a BSD-compatible install
configure:3355: result: /usr/bin/install -c
configure:3373: checking for emacs
configure:3403: result: no
configure:3373: checking for xemacs
configure:3403: result: no
configure:3424: checking where .elc files should go
configure:3453: result: ${datadir}/emacs/site-lisp
configure:3503: checking for xml2-config
configure:3534: result: no
configure:3543: checking for libxml - version >= 2.6.13
configure:3692: result: no
configure:3782: checking how to run the C preprocessor
configure:3822: gcc -E  conftest.c
configure:3828: $? = 0
configure:3859: gcc -E  conftest.c
conftest.c:10:28: ac_nonexistent.h: No such file or directory
configure:3865: $? = 1
configure: failed program was:
| /* confdefs.h.  */
| #define PACKAGE_NAME "doxymacs"
| #define PACKAGE_TARNAME "doxymacs"
| #define PACKAGE_VERSION "1.8.0"
| #define PACKAGE_STRING "doxymacs 1.8.0"
| #define PACKAGE_BUGREPORT "http://sourceforge.net/projects/doxymacs"
| #define PACKAGE "doxymacs"
| #define VERSION "1.8.0"
| /* end confdefs.h.  */
| #include <ac_nonexistent.h>
configure:3898: result: gcc -E
configure:3927: gcc -E  conftest.c
configure:3933: $? = 0
configure:3964: gcc -E  conftest.c
conftest.c:10:28: ac_nonexistent.h: No such file or directory
configure:3970: $? = 1
configure: failed program was:
| /* confdefs.h.  */
| #define PACKAGE_NAME "doxymacs"
| #define PACKAGE_TARNAME "doxymacs"
| #define PACKAGE_VERSION "1.8.0"
| #define PACKAGE_STRING "doxymacs 1.8.0"
| #define PACKAGE_BUGREPORT "http://sourceforge.net/projects/doxymacs"
| #define PACKAGE "doxymacs"
| #define VERSION "1.8.0"
| /* end confdefs.h.  */
| #include <ac_nonexistent.h>
configure:4008: checking for grep that handles long lines and -e
configure:4082: result: /usr/bin/grep
configure:4087: checking for egrep
configure:4165: result: /usr/bin/grep -E
configure:4170: checking for ANSI C header files
configure:4200: gcc -c -g -O2  conftest.c >&5
configure:4206: $? = 0
configure:4305: gcc -o conftest.exe -g -O2   conftest.c  >&5
configure:4308: $? = 0
configure:4314: ./conftest.exe
configure:4317: $? = 0
configure:4334: result: yes
configure:4345: checking for an ANSI C-conforming const
configure:4420: gcc -c -g -O2  conftest.c >&5
configure:4426: $? = 0
configure:4441: result: yes
configure:4456: checking for strdup
configure:4512: gcc -o conftest.exe -g -O2   conftest.c  >&5
conftest.c:34: warning: conflicting types for built-in function 'strdup'
configure:4518: $? = 0
configure:4536: result: yes
configure:4723: creating ./config.status

## ---------------------- ##
## Running config.status. ##
## ---------------------- ##

This file was extended by doxymacs config.status 1.8.0, which was
generated by GNU Autoconf 2.61.  Invocation command line was

  CONFIG_FILES    = 
  CONFIG_HEADERS  = 
  CONFIG_LINKS    = 
  CONFIG_COMMANDS = 
  $ ./config.status 

on li

config.status:629: creating Makefile
config.status:629: creating c/Makefile
config.status:629: creating lisp/Makefile
config.status:629: creating lisp/doxymacs.el
config.status:629: creating no-autoconf/Makefile
config.status:814: executing depfiles commands

## ---------------- ##
## Cache variables. ##
## ---------------- ##

ac_cv_c_compiler_gnu=yes
ac_cv_c_const=yes
ac_cv_env_CC_set=
ac_cv_env_CC_value=
ac_cv_env_CFLAGS_set=
ac_cv_env_CFLAGS_value=
ac_cv_env_CPPFLAGS_set=
ac_cv_env_CPPFLAGS_value=
ac_cv_env_CPP_set=
ac_cv_env_CPP_value=
ac_cv_env_EMACSLOADPATH_set=
ac_cv_env_EMACSLOADPATH_value=
ac_cv_env_EMACS_set=
ac_cv_env_EMACS_value=
ac_cv_env_LDFLAGS_set=
ac_cv_env_LDFLAGS_value=
ac_cv_env_LIBS_set=
ac_cv_env_LIBS_value=
ac_cv_env_build_alias_set=
ac_cv_env_build_alias_value=
ac_cv_env_host_alias_set=
ac_cv_env_host_alias_value=
ac_cv_env_target_alias_set=
ac_cv_env_target_alias_value=
ac_cv_exeext=.exe
ac_cv_func_strdup=yes
ac_cv_header_stdc=yes
ac_cv_objext=o
ac_cv_path_EGREP='/usr/bin/grep -E'
ac_cv_path_GREP=/usr/bin/grep
ac_cv_path_XML2_CONFIG=no
ac_cv_path_install='/usr/bin/install -c'
ac_cv_prog_AWK=gawk
ac_cv_prog_CPP='gcc -E'
ac_cv_prog_ac_ct_CC=gcc
ac_cv_prog_cc_c89=
ac_cv_prog_cc_g=yes
ac_cv_prog_make_make_set=yes
am_cv_CC_dependencies_compiler_type=gcc3
am_cv_lispdir='${datadir}/emacs/site-lisp'

## ----------------- ##
## Output variables. ##
## ----------------- ##

ACLOCAL='${SHELL} /j/Documents/.emacs.d/elisp/doxymacs-1.8.0/missing --run aclocal-1.9'
AMDEPBACKSLASH='\'
AMDEP_FALSE='#'
AMDEP_TRUE=''
AMTAR='${SHELL} /j/Documents/.emacs.d/elisp/doxymacs-1.8.0/missing --run tar'
AUTOCONF='${SHELL} /j/Documents/.emacs.d/elisp/doxymacs-1.8.0/missing --run autoconf'
AUTOHEADER='${SHELL} /j/Documents/.emacs.d/elisp/doxymacs-1.8.0/missing --run autoheader'
AUTOMAKE='${SHELL} /j/Documents/.emacs.d/elisp/doxymacs-1.8.0/missing --run automake-1.9'
AWK='gawk'
CC='gcc'
CCDEPMODE='depmode=gcc3'
CFLAGS='-g -O2'
CPP='gcc -E'
CPPFLAGS=''
CYGPATH_W='cygpath -w'
DEFS='-DPACKAGE_NAME=\"doxymacs\" -DPACKAGE_TARNAME=\"doxymacs\" -DPACKAGE_VERSION=\"1.8.0\" -DPACKAGE_STRING=\"doxymacs\ 1.8.0\" -DPACKAGE_BUGREPORT=\"http://sourceforge.net/projects/doxymacs\" -DPACKAGE=\"doxymacs\" -DVERSION=\"1.8.0\" -DSTDC_HEADERS=1 -DHAVE_STRDUP=1'
DEPDIR='.deps'
DOXYMACS_DEFAULT_STYLE='JavaDoc'
DOXYMACS_PARSER='/d/xiaohan/bin/doxymacs_parser.exe'
DOXYMACS_USE_EXTERNAL_XML_PARSER='nil'
ECHO_C=''
ECHO_N='-n'
ECHO_T=''
EGREP='/usr/bin/grep -E'
EMACS='no'
EMACSLOADPATH=''
EXEEXT='.exe'
GREP='/usr/bin/grep'
INSTALL_DATA='${INSTALL} -m 644'
INSTALL_PROGRAM='${INSTALL}'
INSTALL_SCRIPT='${INSTALL}'
INSTALL_STRIP_PROGRAM='${SHELL} $(install_sh) -c -s'
LDFLAGS=''
LIBOBJS=''
LIBS=''
LTLIBOBJS=''
MAKEINFO='${SHELL} /j/Documents/.emacs.d/elisp/doxymacs-1.8.0/missing --run makeinfo'
OBJEXT='o'
PACKAGE='doxymacs'
PACKAGE_BUGREPORT='http://sourceforge.net/projects/doxymacs'
PACKAGE_NAME='doxymacs'
PACKAGE_STRING='doxymacs 1.8.0'
PACKAGE_TARNAME='doxymacs'
PACKAGE_VERSION='1.8.0'
PATH_SEPARATOR=':'
SET_MAKE=''
SHELL='/bin/sh'
STRIP=''
VERSION='1.8.0'
XML2_CONFIG='no'
XML_CPPFLAGS=''
XML_LIBS=''
ac_ct_CC='gcc'
am__fastdepCC_FALSE='#'
am__fastdepCC_TRUE=''
am__include='include'
am__leading_dot='.'
am__quote=''
am__tar='${AMTAR} chof - "$$tardir"'
am__untar='${AMTAR} xf -'
bindir='${exec_prefix}/bin'
build_alias=''
datadir='${datarootdir}'
datarootdir='${prefix}/share'
docdir='${datarootdir}/doc/${PACKAGE_TARNAME}'
dvidir='${docdir}'
exec_prefix='${prefix}'
host_alias=''
htmldir='${docdir}'
includedir='${prefix}/include'
infodir='${datarootdir}/info'
install_sh='/j/Documents/.emacs.d/elisp/doxymacs-1.8.0/install-sh'
libdir='${exec_prefix}/lib'
libexecdir='${exec_prefix}/libexec'
lispdir='${datadir}/emacs/site-lisp'
localedir='${datarootdir}/locale'
localstatedir='${prefix}/var'
mandir='${datarootdir}/man'
mkdir_p='mkdir -p --'
oldincludedir='/usr/include'
pdfdir='${docdir}'
prefix='/d/xiaohan'
program_transform_name='s,x,x,'
psdir='${docdir}'
sbindir='${exec_prefix}/sbin'
sharedstatedir='${prefix}/com'
sysconfdir='${prefix}/etc'
target_alias=''

## ----------- ##
## confdefs.h. ##
## ----------- ##

#define PACKAGE_NAME "doxymacs"
#define PACKAGE_TARNAME "doxymacs"
#define PACKAGE_VERSION "1.8.0"
#define PACKAGE_STRING "doxymacs 1.8.0"
#define PACKAGE_BUGREPORT "http://sourceforge.net/projects/doxymacs"
#define PACKAGE "doxymacs"
#define VERSION "1.8.0"
#define STDC_HEADERS 1
#define HAVE_STRDUP 1

configure: exit 0
